C51 COMPILER V9.60.7.0   LED                                                               06/19/2026 13:04:02 PAGE 1   


C51 COMPILER V9.60.7.0, COMPILATION OF MODULE LED
OBJECT MODULE PLACED IN .\Objects\LED.obj
COMPILER INVOKED BY: C:\Users\Dell\Downloads\C51\BIN\C51.EXE LED.c OPTIMIZE(8,SPEED) BROWSE DEBUG OBJECTEXTEND PRINT(.\L
                    -istings\LED.lst) TABS(2) OBJECT(.\Objects\LED.obj)

line level    source

   1          #include <reg51.h>
   2          sbit LED=P1^0;
   3          
   4          void delay(){
   5   1      unsigned int i;
   6   1      
   7   1      for(i=0;i<=10000;i++);
   8   1      }
   9          
  10          void main(){
  11   1      
  12   1      while(1){
  13   2      
  14   2      LED=1;
  15   2      delay();
  16   2      LED=0;
  17   2      delay();
  18   2      }
  19   1      }


MODULE INFORMATION:   STATIC OVERLAYABLE
   CODE SIZE        =     27    ----
   CONSTANT SIZE    =   ----    ----
   XDATA SIZE       =   ----    ----
   PDATA SIZE       =   ----    ----
   DATA SIZE        =   ----    ----
   IDATA SIZE       =   ----    ----
   BIT SIZE         =   ----    ----
END OF MODULE INFORMATION.


C51 COMPILATION COMPLETE.  0 WARNING(S),  0 ERROR(S)
